# JRE version: OpenJDK Runtime Environment JBR-11.0.15.10-2043.56-jcef (11.0.15+10) (build 11.0.15+10-b2043.56)
# Java VM: OpenJDK 64-Bit Server VM JBR-11.0.15.10-2043.56-jcef (11.0.15+10-b2043.56, mixed mode, tiered, compressed oops, g1 gc, linux-amd64)
Heap:
 garbage-first heap   total 131072K, used 44300K [0x00000000d1200000, 0x0000000100000000)
  region size 1024K, 41 young (41984K), 3 survivors (3072K)
 Metaspace       used 22917K, capacity 23691K, committed 23856K, reserved 1071104K
  class space    used 2289K, capacity 2590K, committed 2688K, reserved 1048576K
GC Heap History (14 events):
Event: 0,878 GC heap before
{Heap before GC invocations=0 (full 0):
 garbage-first heap   total 131072K, used 13312K [0x00000000d1200000, 0x0000000100000000)
  region size 1024K, 14 young (14336K), 0 survivors (0K)
 Metaspace       used 12327K, capacity 12831K, committed 13056K, reserved 1060864K
  class space    used 1279K, capacity 1489K, committed 1536K, reserved 1048576K
}
Event: 0,883 GC heap after
{Heap after GC invocations=1 (full 0):
 garbage-first heap   total 131072K, used 3392K [0x00000000d1200000, 0x0000000100000000)
  region size 1024K, 2 young (2048K), 2 survivors (2048K)
 Metaspace       used 12327K, capacity 12831K, committed 13056K, reserved 1060864K
  class space    used 1279K, capacity 1489K, committed 1536K, reserved 1048576K
}
Event: 1,100 GC heap before
{Heap before GC invocations=1 (full 0):
 garbage-first heap   total 131072K, used 7488K [0x00000000d1200000, 0x0000000100000000)
  region size 1024K, 6 young (6144K), 2 survivors (2048K)
 Metaspace       used 15044K, capacity 15570K, committed 15744K, reserved 1062912K
  class space    used 1607K, capacity 1807K, committed 1920K, reserved 1048576K
}
Event: 1,104 GC heap after
{Heap after GC invocations=2 (full 0):
 garbage-first heap   total 131072K, used 4385K [0x00000000d1200000, 0x0000000100000000)
  region size 1024K, 1 young (1024K), 1 survivors (1024K)
 Metaspace       used 15044K, capacity 15570K, committed 15744K, reserved 1062912K
  class space    used 1607K, capacity 1807K, committed 1920K, reserved 1048576K
}
Event: 2,614 GC heap before
{Heap before GC invocations=2 (full 0):
 garbage-first heap   total 131072K, used 18721K [0x00000000d1200000, 0x0000000100000000)
  region size 1024K, 16 young (16384K), 1 survivors (1024K)
 Metaspace       used 20623K, capacity 21184K, committed 21296K, reserved 1069056K
  class space    used 2152K, capacity 2384K, committed 2432K, reserved 1048576K
}
Event: 2,621 GC heap after
{Heap after GC invocations=3 (full 0):
 garbage-first heap   total 131072K, used 5981K [0x00000000d1200000, 0x0000000100000000)
  region size 1024K, 3 young (3072K), 3 survivors (3072K)
 Metaspace       used 20623K, capacity 21184K, committed 21296K, reserved 1069056K
  class space    used 2152K, capacity 2384K, committed 2432K, reserved 1048576K
}
Event: 19,579 GC heap before
{Heap before GC invocations=4 (full 0):
 garbage-first heap   total 131072K, used 31581K [0x00000000d1200000, 0x0000000100000000)
  region size 1024K, 28 young (28672K), 3 survivors (3072K)
 Metaspace       used 21956K, capacity 22600K, committed 22704K, reserved 1069056K
  class space    used 2265K, capacity 2521K, committed 2560K, reserved 1048576K
}
Event: 19,591 GC heap after
{Heap after GC invocations=5 (full 0):
 garbage-first heap   total 131072K, used 6585K [0x00000000d1200000, 0x0000000100000000)
  region size 1024K, 3 young (3072K), 3 survivors (3072K)
 Metaspace       used 21956K, capacity 22600K, committed 22704K, reserved 1069056K
  class space    used 2265K, capacity 2521K, committed 2560K, reserved 1048576K
}
Event: 1478,110 GC heap before
{Heap before GC invocations=5 (full 0):
 garbage-first heap   total 131072K, used 70073K [0x00000000d1200000, 0x0000000100000000)
  region size 1024K, 65 young (66560K), 3 survivors (3072K)
 Metaspace       used 22548K, capacity 23303K, committed 23600K, reserved 1071104K
  class space    used 2278K, capacity 2569K, committed 2688K, reserved 1048576K
}
Event: 1478,116 GC heap after
{Heap after GC invocations=6 (full 0):
 garbage-first heap   total 131072K, used 7314K [0x00000000d1200000, 0x0000000100000000)
  region size 1024K, 3 young (3072K), 3 survivors (3072K)
 Metaspace       used 22548K, capacity 23303K, committed 23600K, reserved 1071104K
  class space    used 2278K, capacity 2569K, committed 2688K, reserved 1048576K
}
Event: 2721,693 GC heap before
{Heap before GC invocations=6 (full 0):
 garbage-first heap   total 131072K, used 82066K [0x00000000d1200000, 0x0000000100000000)
  region size 1024K, 76 young (77824K), 3 survivors (3072K)
 Metaspace       used 22793K, capacity 23571K, committed 23856K, reserved 1071104K
  class space    used 2284K, capacity 2581K, committed 2688K, reserved 1048576K
}
Event: 2721,700 GC heap after
{Heap after GC invocations=7 (full 0):
 garbage-first heap   total 131072K, used 7308K [0x00000000d1200000, 0x0000000100000000)
  region size 1024K, 3 young (3072K), 3 survivors (3072K)
 Metaspace       used 22793K, capacity 23571K, committed 23856K, reserved 1071104K
  class space    used 2284K, capacity 2581K, committed 2688K, reserved 1048576K
}
Event: 2844,172 GC heap before
{Heap before GC invocations=7 (full 0):
 garbage-first heap   total 131072K, used 82060K [0x00000000d1200000, 0x0000000100000000)
  region size 1024K, 76 young (77824K), 3 survivors (3072K)
 Metaspace       used 22896K, capacity 23623K, committed 23856K, reserved 1071104K
  class space    used 2289K, capacity 2590K, committed 2688K, reserved 1048576K
}
Event: 2844,209 GC heap after
{Heap after GC invocations=8 (full 0):
 garbage-first heap   total 131072K, used 7436K [0x00000000d1200000, 0x0000000100000000)
  region size 1024K, 3 young (3072K), 3 survivors (3072K)
 Metaspace       used 22896K, capacity 23623K, committed 23856K, reserved 1071104K
  class space    used 2289K, capacity 2590K, committed 2688K, reserved 1048576K
}

